[debug] [2024-03-01T18:08:50.195Z] ----------------------------------------------------------------------
[debug] [2024-03-01T18:08:50.197Z] Command:       C:\Program Files\nodejs\node.exe C:\Users\osipo\AppData\Local\Yarn\Data\global\node_modules\firebase-tools\lib\bin\firebase.js init
[debug] [2024-03-01T18:08:50.197Z] CLI Version:   13.3.1
[debug] [2024-03-01T18:08:50.198Z] Platform:      win32
[debug] [2024-03-01T18:08:50.198Z] Node Version:  v18.18.0
[debug] [2024-03-01T18:08:50.198Z] Time:          Fri Mar 01 2024 21:08:50 GMT+0300 (Moscow Standard Time)
[debug] [2024-03-01T18:08:50.199Z] ----------------------------------------------------------------------
[debug] 
[debug] [2024-03-01T18:08:50.205Z] > command requires scopes: ["email","openid","https://www.googleapis.com/auth/cloudplatformprojects.readonly","https://www.googleapis.com/auth/firebase","https://www.googleapis.com/auth/cloud-platform"]
[debug] [2024-03-01T18:08:50.206Z] > authorizing via signed-in user (osipovarkonst@gmail.com)
[info] 
     ######## #### ########  ######## ########     ###     ######  ########
     ##        ##  ##     ## ##       ##     ##  ##   ##  ##       ##
     ######    ##  ########  ######   ########  #########  ######  ######
     ##        ##  ##    ##  ##       ##     ## ##     ##       ## ##
     ##       #### ##     ## ######## ########  ##     ##  ######  ########

You're about to initialize a Firebase project in this directory:

  C:\Users\osipo\OneDrive\Рабочий стол\webdev\projects\expense-tracker

[info] 
=== Project Setup
[info] 
[info] First, let's associate this project directory with a Firebase project.
[info] You can create multiple project aliases by running firebase use --add, 
[info] but for now we'll just set up a default project.
[info] 
[debug] [2024-03-01T18:09:22.944Z] >>> [apiv2][query] GET https://firebase.googleapis.com/v1beta1/projects pageSize=100
[debug] [2024-03-01T18:09:23.530Z] <<< [apiv2][status] GET https://firebase.googleapis.com/v1beta1/projects 200
[debug] [2024-03-01T18:09:23.530Z] <<< [apiv2][body] GET https://firebase.googleapis.com/v1beta1/projects [omitted]
[info] i  Using project expense-tracker-cf569 (expense-tracker) 
[info] 
=== Hosting Setup
[debug] [2024-03-01T18:09:25.667Z] >>> [apiv2][query] GET https://firebase.googleapis.com/v1beta1/projects/expense-tracker-cf569 [none]
[debug] [2024-03-01T18:09:26.012Z] <<< [apiv2][status] GET https://firebase.googleapis.com/v1beta1/projects/expense-tracker-cf569 200
[debug] [2024-03-01T18:09:26.013Z] <<< [apiv2][body] GET https://firebase.googleapis.com/v1beta1/projects/expense-tracker-cf569 {"projectId":"expense-tracker-cf569","projectNumber":"341058815315","displayName":"expense-tracker","name":"projects/expense-tracker-cf569","resources":{"hostingSite":"expense-tracker-cf569"},"state":"ACTIVE","etag":"1_f3b22e2c-2d74-41c4-86b3-3a45fc56b039"}
[info] 
[info] Your public directory is the folder (relative to your project directory) that
[info] will contain Hosting assets to be uploaded with firebase deploy. If you
[info] have a build process for your assets, use your build's output directory.
[info] 
[info] +  Wrote build/404.html 
[debug] [2024-03-01T18:09:56.885Z] >>> [apiv2][query] GET https://www.gstatic.com/firebasejs/releases.json [none]
[debug] [2024-03-01T18:09:57.022Z] <<< [apiv2][status] GET https://www.gstatic.com/firebasejs/releases.json 200
[debug] [2024-03-01T18:09:57.022Z] <<< [apiv2][body] GET https://www.gstatic.com/firebasejs/releases.json {"current":{"version":"10.8.1","browserURL":"https://www.gstatic.com/firebasejs/10.8.1/firebase.js","packageURL":"https://www.gstatic.com/firebasejs/10.8.1/firebase.tgz"},"live":{"version":"10.8","browserURL":"https://www.gstatic.com/firebasejs/live/10.8/firebase.js","packageURL":"https://www.gstatic.com/firebasejs/live/10.8/firebase.tgz"},"components":{"analytics":"https://www.gstatic.com/firebasejs/10.8.1/firebase-analytics.js","app":"https://www.gstatic.com/firebasejs/10.8.1/firebase-app.js","app-check":"https://www.gstatic.com/firebasejs/10.8.1/firebase-app-check.js","auth":"https://www.gstatic.com/firebasejs/10.8.1/firebase-auth.js","auth/cordova":"https://www.gstatic.com/firebasejs/10.8.1/firebase-auth/cordova.js","auth/web-extension":"https://www.gstatic.com/firebasejs/10.8.1/firebase-auth/web-extension.js","functions":"https://www.gstatic.com/firebasejs/10.8.1/firebase-functions.js","firestore":"https://www.gstatic.com/firebasejs/10.8.1/firebase-firestore.js","firestore/lite":"https://www.gstatic.com/firebasejs/10.8.1/firebase-firestore/lite.js","installations":"https://www.gstatic.com/firebasejs/10.8.1/firebase-installations.js","storage":"https://www.gstatic.com/firebasejs/10.8.1/firebase-storage.js","performance":"https://www.gstatic.com/firebasejs/10.8.1/firebase-performance.js","remote-config":"https://www.gstatic.com/firebasejs/10.8.1/firebase-remote-config.js","messaging":"https://www.gstatic.com/firebasejs/10.8.1/firebase-messaging.js","messaging/sw":"https://www.gstatic.com/firebasejs/10.8.1/firebase-messaging/sw.js","database":"https://www.gstatic.com/firebasejs/10.8.1/firebase-database.js","firestore.memory":"https://www.gstatic.com/firebasejs/10.8.1/firebase-firestore.memory.js"}}
[info] i  Skipping write of build/index.html 
[info] 
[info] i  Detected a .git folder at C:\Users\osipo\OneDrive\Рабочий стол\webdev\projects\expense-tracker 
[info] i  Authorizing with GitHub to upload your service account to a GitHub repository's secrets store. 
[info] 
[info] Visit this URL on this device to log in:
[info] https://github.com/login/oauth/authorize?client_id=89cf50f02ac6aaed3484&state=538669729&redirect_uri=http%3A%2F%2Flocalhost%3A9005&scope=read%3Auser%20repo%20public_repo
[info] 
[info] Waiting for authentication...
[debug] [2024-03-01T18:12:29.410Z] >>> [apiv2][query] POST https://github.com/login/oauth/access_token [none]
[debug] [2024-03-01T18:12:29.410Z] >>> [apiv2][body] POST https://github.com/login/oauth/access_token [stream]
[debug] [2024-03-01T18:12:29.784Z] <<< [apiv2][status] POST https://github.com/login/oauth/access_token 200
[debug] [2024-03-01T18:12:29.784Z] <<< [apiv2][body] POST https://github.com/login/oauth/access_token {"access_token":"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","token_type":"bearer","scope":"read:user,repo"}
[debug] [2024-03-01T18:12:29.797Z] >>> [apiv2][query] GET https://api.github.com/user [none]
[debug] [2024-03-01T18:12:30.140Z] <<< [apiv2][status] GET https://api.github.com/user 200
[debug] [2024-03-01T18:12:30.141Z] <<< [apiv2][body] GET https://api.github.com/user {"login":"osipovark","id":62380373,"node_id":"MDQ6VXNlcjYyMzgwMzcz","avatar_url":"https://avatars.githubusercontent.com/u/62380373?v=4","gravatar_id":"","url":"https://api.github.com/users/osipovark","html_url":"https://github.com/osipovark","followers_url":"https://api.github.com/users/osipovark/followers","following_url":"https://api.github.com/users/osipovark/following{/other_user}","gists_url":"https://api.github.com/users/osipovark/gists{/gist_id}","starred_url":"https://api.github.com/users/osipovark/starred{/owner}{/repo}","subscriptions_url":"https://api.github.com/users/osipovark/subscriptions","organizations_url":"https://api.github.com/users/osipovark/orgs","repos_url":"https://api.github.com/users/osipovark/repos","events_url":"https://api.github.com/users/osipovark/events{/privacy}","received_events_url":"https://api.github.com/users/osipovark/received_events","type":"User","site_admin":false,"name":"Arseny Osipov","company":null,"blog":"","location":null,"email":null,"hireable":null,"bio":null,"twitter_username":null,"public_repos":7,"public_gists":0,"followers":0,"following":0,"created_at":"2020-03-19T10:22:07Z","updated_at":"2024-02-24T11:30:03Z","private_gists":0,"total_private_repos":1,"owned_private_repos":1,"disk_usage":4752,"collaborators":0,"two_factor_authentication":false,"plan":{"name":"free","space":976562499,"collaborators":0,"private_repos":10000}}
[info] 
[info] +  Success! Logged into GitHub as osipovark 
[info] 
